#
# There is insufficient memory for the Java Runtime Environment to continue.
# Native memory allocation (mmap) failed to map 132120576 bytes for G1 virtual space
# Possible reasons:
#   The system is out of physical RAM or swap space
#   The process is running with CompressedOops enabled, and the Java Heap may be blocking the growth of the native heap
# Possible solutions:
#   Reduce memory load on the system
#   Increase physical memory or swap space
#   Check if swap backing store is full
#   Decrease Java heap size (-Xmx/-Xms)
#   Decrease number of Java threads
#   Decrease Java thread stack sizes (-Xss)
#   Set larger code cache with -XX:ReservedCodeCacheSize=
#   JVM is running with Unscaled Compressed Oops mode in which the Java heap is
#     placed in the first 4GB address space. The Java Heap base address is the
#     maximum limit for the native heap growth. Please use -XX:HeapBaseMinAddress
#     to set the Java Heap base and to place the Java Heap above 4GB virtual address.
# This output file may be truncated or incomplete.
#
#  Out of Memory Error (os_windows.cpp:3552), pid=3100, tid=3352
#
# JRE version:  (17.0.9+11) (build )
# Java VM: Java HotSpot(TM) 64-Bit Server VM (17.0.9+11-LTS-201, mixed mode, sharing, tiered, compressed oops, compressed class ptrs, g1 gc, windows-amd64)
# No core dump will be written. Minidumps are not enabled by default on client versions of Windows
#

---------------  S U M M A R Y ------------

Command Line: -Dfile.encoding=UTF-8 --module-path=C:\Users\User\Documents\NetBeansProjects\Bank Mangement System\build\classes bank.mangement.system.Signupone

Host: Intel(R) Core(TM) i3-10100 CPU @ 3.60GHz, 8 cores, 7G,  Windows 10 , 64 bit Build 19041 (10.0.19041.3636)
Time: Wed Jan 31 03:53:42 2024 Bangladesh Standard Time elapsed time: 0.006717 seconds (0d 0h 0m 0s)

---------------  T H R E A D  ---------------

Current thread (0x0000012cf5da3100):  JavaThread "Unknown thread" [_thread_in_vm, id=3352, stack(0x0000000e19f00000,0x0000000e1a000000)]

Stack: [0x0000000e19f00000,0x0000000e1a000000]
Native frames: (J=compiled Java code, j=interpreted, Vv=VM code, C=native code)
V  [jvm.dll+0x678a4a]
V  [jvm.dll+0x7d9cfd]
V  [jvm.dll+0x7db60e]
V  [jvm.dll+0x7dbc73]
V  [jvm.dll+0x245e1f]
V  [jvm.dll+0x6758f9]
V  [jvm.dll+0x66a2a2]
V  [jvm.dll+0x303686]
V  [jvm.dll+0x30ac06]
V  [jvm.dll+0x35a48e]
V  [jvm.dll+0x35a6bf]
V  [jvm.dll+0x2da678]
V  [jvm.dll+0x2db5e4]
V  [jvm.dll+0x7ab6b1]
V  [jvm.dll+0x368041]
V  [jvm.dll+0x78a749]
V  [jvm.dll+0x3ebd4f]
V  [jvm.dll+0x3ed7d1]
C  [jli.dll+0x5297]
C  [ucrtbase.dll+0x21bb2]
C  [KERNEL32.DLL+0x17344]
C  [ntdll.dll+0x526b1]


---------------  P R O C E S S  ---------------

Threads class SMR info:
_java_thread_list=0x00007fffcdf189d8, length=0, elements={
}

Java Threads: ( => current thread )

Other Threads:
  0x0000012cf5dff8f0 GCTaskThread "GC Thread#0" [stack: 0x0000000e1a000000,0x0000000e1a100000] [id=2464]
  0x0000012cf5e10290 ConcurrentGCThread "G1 Main Marker" [stack: 0x0000000e1a100000,0x0000000e1a200000] [id=13100]
  0x0000012cf5e10bb0 ConcurrentGCThread "G1 Conc#0" [stack: 0x0000000e1a200000,0x0000000e1a300000] [id=2776]

[error occurred during error reporting (printing all threads), id 0xc0000005, EXCEPTION_ACCESS_VIOLATION (0xc0000005) at pc=0x00007fffcd74b2d7]

VM state: not at safepoint (not fully initialized)

VM Mutex/Monitor currently owned by a thread:  ([mutex/lock_event])
[0x0000012cf5d9f360] Heap_lock - owner thread: 0x0000012cf5da3100

Heap address: 0x0000000082600000, size: 2010 MB, Compressed Oops mode: 32-bit

CDS archive(s) mapped at: [0x0000000000000000-0x0000000000000000-0x0000000000000000), size 0, SharedBaseAddress: 0x0000000800000000, ArchiveRelocationMode: 1.
Narrow klass base: 0x0000000000000000, Narrow klass shift: 0, Narrow klass range: 0x0

GC Precious Log:
<Empty>

Heap:
 garbage-first heap   total 0K, used 0K [0x0000000082600000, 0x0000000100000000)
  region size 1024K, 0 young (0K), 0 survivors (0K)

[error occurred during error reporting (printing heap information), id 0xc0000005, EXCEPTION_ACCESS_VIOLATION (0xc0000005) at pc=0x00007fffcdb32229]

GC Heap History (0 events):
No events

Deoptimization events (0 events):
No events

Classes unloaded (0 events):
No events

Classes redefined (0 events):
No events

Internal exceptions (0 events):
No events

VM Operations (0 events):
No events

Events (1 events):
Event: 0.004 Loaded shared library C:\Program Files\Java\jdk-17\bin\java.dll


Dynamic libraries:
0x00007ff7a40a0000 - 0x00007ff7a40b0000 	C:\Program Files\Java\jdk-17\bin\java.exe
0x00007ff83c470000 - 0x00007ff83c668000 	C:\Windows\SYSTEM32\ntdll.dll
0x00007ff83a4c0000 - 0x00007ff83a57d000 	C:\Windows\System32\KERNEL32.DLL
0x00007ff839e50000 - 0x00007ff83a146000 	C:\Windows\System32\KERNELBASE.dll
0x00007ff83a390000 - 0x00007ff83a490000 	C:\Windows\System32\ucrtbase.dll
0x00007ff837340000 - 0x00007ff83735b000 	C:\Program Files\Java\jdk-17\bin\VCRUNTIME140.dll
0x00007ff834e00000 - 0x00007ff834e19000 	C:\Program Files\Java\jdk-17\bin\jli.dll
0x00007ff83bf00000 - 0x00007ff83bfb3000 	C:\Windows\System32\ADVAPI32.dll
0x00007ff83a9c0000 - 0x00007ff83aa5e000 	C:\Windows\System32\msvcrt.dll
0x00007ff83be00000 - 0x00007ff83be9f000 	C:\Windows\System32\sechost.dll
0x00007ff83b7e0000 - 0x00007ff83b906000 	C:\Windows\System32\RPCRT4.dll
0x00007ff83a490000 - 0x00007ff83a4b7000 	C:\Windows\System32\bcrypt.dll
0x00007ff83a580000 - 0x00007ff83a71e000 	C:\Windows\System32\USER32.dll
0x00007ff818500000 - 0x00007ff81879a000 	C:\Windows\WinSxS\amd64_microsoft.windows.common-controls_6595b64144ccf1df_6.0.19041.3636_none_60b6a03d71f818d5\COMCTL32.dll
0x00007ff839dd0000 - 0x00007ff839df2000 	C:\Windows\System32\win32u.dll
0x00007ff83a990000 - 0x00007ff83a9bc000 	C:\Windows\System32\GDI32.dll
0x00007ff83a150000 - 0x00007ff83a26a000 	C:\Windows\System32\gdi32full.dll
0x00007ff839bd0000 - 0x00007ff839c6d000 	C:\Windows\System32\msvcp_win.dll
0x00007ff834b00000 - 0x00007ff834b0a000 	C:\Windows\SYSTEM32\VERSION.dll
0x00007ff83b600000 - 0x00007ff83b630000 	C:\Windows\System32\IMM32.DLL
0x00007ff837330000 - 0x00007ff83733c000 	C:\Program Files\Java\jdk-17\bin\vcruntime140_1.dll
0x00007ff80bad0000 - 0x00007ff80bb5e000 	C:\Program Files\Java\jdk-17\bin\msvcp140.dll
0x00007fffcd460000 - 0x00007fffce041000 	C:\Program Files\Java\jdk-17\bin\server\jvm.dll
0x00007ff83a970000 - 0x00007ff83a978000 	C:\Windows\System32\PSAPI.DLL
0x00007ff8251f0000 - 0x00007ff8251f9000 	C:\Windows\SYSTEM32\WSOCK32.dll
0x00007ff823490000 - 0x00007ff8234b7000 	C:\Windows\SYSTEM32\WINMM.dll
0x00007ff83aae0000 - 0x00007ff83ab4b000 	C:\Windows\System32\WS2_32.dll
0x00007ff8379d0000 - 0x00007ff8379e2000 	C:\Windows\SYSTEM32\kernel.appcore.dll
0x00007ff80bc50000 - 0x00007ff80bc5a000 	C:\Program Files\Java\jdk-17\bin\jimage.dll
0x00007ff8266c0000 - 0x00007ff8268a4000 	C:\Windows\SYSTEM32\DBGHELP.DLL
0x00007ff826070000 - 0x00007ff8260a4000 	C:\Windows\SYSTEM32\dbgcore.DLL
0x00007ff839b40000 - 0x00007ff839bc2000 	C:\Windows\System32\bcryptPrimitives.dll
0x00007ff8372c0000 - 0x00007ff8372e5000 	C:\Program Files\Java\jdk-17\bin\java.dll

dbghelp: loaded successfully - version: 4.0.5 - missing functions: none
symbol engine: initialized successfully - sym options: 0x614 - pdb path: .;C:\Program Files\Java\jdk-17\bin;C:\Windows\SYSTEM32;C:\Windows\WinSxS\amd64_microsoft.windows.common-controls_6595b64144ccf1df_6.0.19041.3636_none_60b6a03d71f818d5;C:\Program Files\Java\jdk-17\bin\server

VM Arguments:
jvm_args: -Dfile.encoding=UTF-8 --module-path=C:\Users\User\Documents\NetBeansProjects\Bank Mangement System\build\classes 
java_command: bank.mangement.system.Signupone
java_class_path (initial): C:\Users\User\Downloads\ATM Simulator System\jcalendar-tz-1.3.3-4.jar;C:\Users\User\Documents\NetBeansProjects\Bank Mangement System\build\classes
Launcher Type: SUN_STANDARD

[Global flags]
     intx CICompilerCount                          = 4                                         {product} {ergonomic}
     uint ConcGCThreads                            = 2                                         {product} {ergonomic}
     uint G1ConcRefinementThreads                  = 8                                         {product} {ergonomic}
   size_t G1HeapRegionSize                         = 1048576                                   {product} {ergonomic}
    uintx GCDrainStackTargetSize                   = 64                                        {product} {ergonomic}
   size_t InitialHeapSize                          = 132120576                                 {product} {ergonomic}
   size_t MarkStackSize                            = 4194304                                   {product} {ergonomic}
   size_t MaxHeapSize                              = 2107637760                                {product} {ergonomic}
   size_t MinHeapDeltaBytes                        = 1048576                                   {product} {ergonomic}
   size_t MinHeapSize                              = 8388608                                   {product} {ergonomic}
    uintx NonNMethodCodeHeapSize                   = 5839372                                {pd product} {ergonomic}
    uintx NonProfiledCodeHeapSize                  = 122909434                              {pd product} {ergonomic}
    uintx ProfiledCodeHeapSize                     = 122909434                              {pd product} {ergonomic}
    uintx ReservedCodeCacheSize                    = 251658240                              {pd product} {ergonomic}
     bool SegmentedCodeCache                       = true                                      {product} {ergonomic}
   size_t SoftMaxHeapSize                          = 2107637760                             {manageable} {ergonomic}
     bool UseCompressedClassPointers               = true                           {product lp64_product} {ergonomic}
     bool UseCompressedOops                        = true                           {product lp64_product} {ergonomic}
     bool UseG1GC                                  = true                                      {product} {ergonomic}
     bool UseLargePagesIndividualAllocation        = false                                  {pd product} {ergonomic}

Logging:
Log output configuration:
 #0: stdout all=warning uptime,level,tags
 #1: stderr all=off uptime,level,tags

Environment Variables:
PATH=C:\Program Files\Common Files\Oracle\Java\javapath;C:\src\flutter\bin;C:\Windows\System32;C:\Program Files\Java\jdk-17\bin;C:\Program Files\Java\jdk1.7.0_80\bin;C:\Program Files\CodeBlocks;C:\Program Files\nodejs;C:\Program Files\nodejs;C:\Program Files\Git\cmd;C:\Users\User\AppData\Roaming\Microsoft\Windows\Start Menu\Programs\Windows PowerShell;C:\Windows\System32\WindowsPowerShell\v1.0;C:\Program Files\Java\jdk1.7.0_80\bin;C:\Program Files\MySQL\MySQL Shell 8.0\bin\;C:\Users\User\AppData\Local\Programs\Python\Python38\Scripts\;C:\Users\User\AppData\Local\Programs\Python\Python38\;C:\Program Files\Java\jdk-17\bin;C:\Users\User\AppData\Local\Programs\Microsoft VS Code\bin;C:\Windows\System32;C:\Program Files\nodejs;C:\Program Files\nodejs;C:\xampp\php;C:\flutter_windows_3.3.10-stable.zip\flutter\bin;C:\Windows\SysWOW64;C:\flutter\bin;C:\Windows\System32\WindowsPowerShell\v1.0;C:\Program Files\CodeBlocks\MinGW\bin;C:\Program Files (x86)\GnuWin32\bin;
USERNAME=User
OS=Windows_NT
PROCESSOR_IDENTIFIER=Intel64 Family 6 Model 165 Stepping 3, GenuineIntel



---------------  S Y S T E M  ---------------

OS:
 Windows 10 , 64 bit Build 19041 (10.0.19041.3636)
OS uptime: 0 days 1:04 hours
Hyper-V role detected

CPU: total 8 (initial active 8) (4 cores per cpu, 2 threads per core) family 6 model 165 stepping 3 microcode 0xcc, cx8, cmov, fxsr, ht, mmx, 3dnowpref, sse, sse2, sse3, ssse3, sse4.1, sse4.2, popcnt, lzcnt, tsc, tscinvbit, avx, avx2, aes, erms, clmul, bmi1, bmi2, adx, fma, vzeroupper, clflush, clflushopt, hv

Memory: 4k page, system-wide physical 8033M (1427M free)
TotalPageFile size 11961M (AvailPageFile size 95M)
current process WorkingSet (physical memory assigned to process): 10M, peak: 10M
current process commit charge ("private bytes"): 60M, peak: 186M

vm_info: Java HotSpot(TM) 64-Bit Server VM (17.0.9+11-LTS-201) for windows-amd64 JRE (17.0.9+11-LTS-201), built on Oct 10 2023 23:16:06 by "mach5one" with MS VC++ 17.1 (VS2022)

END.
