#
# There is insufficient memory for the Java Runtime Environment to continue.
# Native memory allocation (mmap) failed to map 132120576 bytes for G1 virtual space
# Possible reasons:
#   The system is out of physical RAM or swap space
#   The process is running with CompressedOops enabled, and the Java Heap may be blocking the growth of the native heap
# Possible solutions:
#   Reduce memory load on the system
#   Increase physical memory or swap space
#   Check if swap backing store is full
#   Decrease Java heap size (-Xmx/-Xms)
#   Decrease number of Java threads
#   Decrease Java thread stack sizes (-Xss)
#   Set larger code cache with -XX:ReservedCodeCacheSize=
#   JVM is running with Unscaled Compressed Oops mode in which the Java heap is
#     placed in the first 4GB address space. The Java Heap base address is the
#     maximum limit for the native heap growth. Please use -XX:HeapBaseMinAddress
#     to set the Java Heap base and to place the Java Heap above 4GB virtual address.
# This output file may be truncated or incomplete.
#
#  Out of Memory Error (os_windows.cpp:3552), pid=12436, tid=5556
#
# JRE version:  (17.0.9+11) (build )
# Java VM: Java HotSpot(TM) 64-Bit Server VM (17.0.9+11-LTS-201, mixed mode, sharing, tiered, compressed oops, compressed class ptrs, g1 gc, windows-amd64)
# No core dump will be written. Minidumps are not enabled by default on client versions of Windows
#

---------------  S U M M A R Y ------------

Command Line: -Dfile.encoding=UTF-8 --module-path=C:\Users\User\Documents\NetBeansProjects\Bank Mangement System\build\classes bank.mangement.system.Login

Host: Intel(R) Core(TM) i3-10100 CPU @ 3.60GHz, 8 cores, 7G,  Windows 10 , 64 bit Build 19041 (10.0.19041.3636)
Time: Tue Jan 30 05:24:47 2024 Bangladesh Standard Time elapsed time: 0.009667 seconds (0d 0h 0m 0s)

---------------  T H R E A D  ---------------

Current thread (0x0000029cdc9036e0):  JavaThread "Unknown thread" [_thread_in_vm, id=5556, stack(0x000000b94e300000,0x000000b94e400000)]

Stack: [0x000000b94e300000,0x000000b94e400000]
Native frames: (J=compiled Java code, j=interpreted, Vv=VM code, C=native code)
V  [jvm.dll+0x678a4a]
V  [jvm.dll+0x7d9cfd]
V  [jvm.dll+0x7db60e]
V  [jvm.dll+0x7dbc73]
V  [jvm.dll+0x245e1f]
V  [jvm.dll+0x6758f9]
V  [jvm.dll+0x66a2a2]
V  [jvm.dll+0x303686]
V  [jvm.dll+0x30ac06]
V  [jvm.dll+0x35a48e]
V  [jvm.dll+0x35a6bf]
V  [jvm.dll+0x2da678]
V  [jvm.dll+0x2db5e4]
V  [jvm.dll+0x7ab6b1]
V  [jvm.dll+0x368041]
V  [jvm.dll+0x78a749]
V  [jvm.dll+0x3ebd4f]
V  [jvm.dll+0x3ed7d1]
C  [jli.dll+0x5297]
C  [ucrtbase.dll+0x21bb2]
C  [KERNEL32.DLL+0x17344]
C  [ntdll.dll+0x526b1]


---------------  P R O C E S S  ---------------

Threads class SMR info:
_java_thread_list=0x00007ff8501389d8, length=0, elements={
}

Java Threads: ( => current thread )

Other Threads:
  0x0000029cdc95dbe0 GCTaskThread "GC Thread#0" [stack: 0x000000b94e400000,0x000000b94e500000] [id=12844]
  0x0000029cdc96f590 ConcurrentGCThread "G1 Main Marker" [stack: 0x000000b94e500000,0x000000b94e600000] [id=8408]
  0x0000029cdc96feb0 ConcurrentGCThread "G1 Conc#0" [stack: 0x000000b94e600000,0x000000b94e700000] [id=8804]

[error occurred during error reporting (printing all threads), id 0xc0000005, EXCEPTION_ACCESS_VIOLATION (0xc0000005) at pc=0x00007ff84f96b2d7]

VM state: not at safepoint (not fully initialized)

VM Mutex/Monitor currently owned by a thread:  ([mutex/lock_event])
[0x0000029cdc8fe150] Heap_lock - owner thread: 0x0000029cdc9036e0

Heap address: 0x0000000082600000, size: 2010 MB, Compressed Oops mode: 32-bit

CDS archive(s) mapped at: [0x0000000000000000-0x0000000000000000-0x0000000000000000), size 0, SharedBaseAddress: 0x0000000800000000, ArchiveRelocationMode: 1.
Narrow klass base: 0x0000000000000000, Narrow klass shift: 0, Narrow klass range: 0x0

GC Precious Log:
<Empty>

Heap:
 garbage-first heap   total 0K, used 0K [0x0000000082600000, 0x0000000100000000)
  region size 1024K, 0 young (0K), 0 survivors (0K)

[error occurred during error reporting (printing heap information), id 0xc0000005, EXCEPTION_ACCESS_VIOLATION (0xc0000005) at pc=0x00007ff84fd52229]

GC Heap History (0 events):
No events

Deoptimization events (0 events):
No events

Classes unloaded (0 events):
No events

Classes redefined (0 events):
No events

Internal exceptions (0 events):
No events

VM Operations (0 events):
No events

Events (1 events):
Event: 0.006 Loaded shared library C:\Program Files\Java\jdk-17\bin\java.dll


Dynamic libraries:
0x00007ff6badd0000 - 0x00007ff6bade0000 	C:\Program Files\Java\jdk-17\bin\java.exe
0x00007ff8bdb90000 - 0x00007ff8bdd88000 	C:\Windows\SYSTEM32\ntdll.dll
0x00007ff8bcb50000 - 0x00007ff8bcc0d000 	C:\Windows\System32\KERNEL32.DLL
0x00007ff8bb8e0000 - 0x00007ff8bbbd6000 	C:\Windows\System32\KERNELBASE.dll
0x00007ff8bb260000 - 0x00007ff8bb360000 	C:\Windows\System32\ucrtbase.dll
0x00007ff8b6590000 - 0x00007ff8b65ab000 	C:\Program Files\Java\jdk-17\bin\VCRUNTIME140.dll
0x00007ff8ab8f0000 - 0x00007ff8ab909000 	C:\Program Files\Java\jdk-17\bin\jli.dll
0x00007ff8bc730000 - 0x00007ff8bc7e3000 	C:\Windows\System32\ADVAPI32.dll
0x00007ff8bd990000 - 0x00007ff8bda2e000 	C:\Windows\System32\msvcrt.dll
0x00007ff8bd2d0000 - 0x00007ff8bd36f000 	C:\Windows\System32\sechost.dll
0x00007ff8bc450000 - 0x00007ff8bc576000 	C:\Windows\System32\RPCRT4.dll
0x00007ff8bb3e0000 - 0x00007ff8bb407000 	C:\Windows\System32\bcrypt.dll
0x00007ff8bd7f0000 - 0x00007ff8bd98e000 	C:\Windows\System32\USER32.dll
0x00007ff8bb3b0000 - 0x00007ff8bb3d2000 	C:\Windows\System32\win32u.dll
0x00007ff89ac40000 - 0x00007ff89aeda000 	C:\Windows\WinSxS\amd64_microsoft.windows.common-controls_6595b64144ccf1df_6.0.19041.3636_none_60b6a03d71f818d5\COMCTL32.dll
0x00007ff8bcc10000 - 0x00007ff8bcc3c000 	C:\Windows\System32\GDI32.dll
0x00007ff8bb410000 - 0x00007ff8bb52a000 	C:\Windows\System32\gdi32full.dll
0x00007ff8bb790000 - 0x00007ff8bb82d000 	C:\Windows\System32\msvcp_win.dll
0x00007ff8b6030000 - 0x00007ff8b603a000 	C:\Windows\SYSTEM32\VERSION.dll
0x00007ff8bcdc0000 - 0x00007ff8bcdf0000 	C:\Windows\System32\IMM32.DLL
0x00007ff8b3680000 - 0x00007ff8b368c000 	C:\Program Files\Java\jdk-17\bin\vcruntime140_1.dll
0x00007ff89d920000 - 0x00007ff89d9ae000 	C:\Program Files\Java\jdk-17\bin\msvcp140.dll
0x00007ff84f680000 - 0x00007ff850261000 	C:\Program Files\Java\jdk-17\bin\server\jvm.dll
0x00007ff8bd370000 - 0x00007ff8bd378000 	C:\Windows\System32\PSAPI.DLL
0x00007ff8b65b0000 - 0x00007ff8b65b9000 	C:\Windows\SYSTEM32\WSOCK32.dll
0x00007ff8a6cb0000 - 0x00007ff8a6cd7000 	C:\Windows\SYSTEM32\WINMM.dll
0x00007ff8bda30000 - 0x00007ff8bda9b000 	C:\Windows\System32\WS2_32.dll
0x00007ff8b90f0000 - 0x00007ff8b9102000 	C:\Windows\SYSTEM32\kernel.appcore.dll
0x00007ff8b3580000 - 0x00007ff8b358a000 	C:\Program Files\Java\jdk-17\bin\jimage.dll
0x00007ff89c6c0000 - 0x00007ff89c8a4000 	C:\Windows\SYSTEM32\DBGHELP.DLL
0x00007ff89c620000 - 0x00007ff89c654000 	C:\Windows\SYSTEM32\dbgcore.DLL
0x00007ff8bb690000 - 0x00007ff8bb712000 	C:\Windows\System32\bcryptPrimitives.dll
0x00007ff8a7720000 - 0x00007ff8a7745000 	C:\Program Files\Java\jdk-17\bin\java.dll

dbghelp: loaded successfully - version: 4.0.5 - missing functions: none
symbol engine: initialized successfully - sym options: 0x614 - pdb path: .;C:\Program Files\Java\jdk-17\bin;C:\Windows\SYSTEM32;C:\Windows\WinSxS\amd64_microsoft.windows.common-controls_6595b64144ccf1df_6.0.19041.3636_none_60b6a03d71f818d5;C:\Program Files\Java\jdk-17\bin\server

VM Arguments:
jvm_args: -Dfile.encoding=UTF-8 --module-path=C:\Users\User\Documents\NetBeansProjects\Bank Mangement System\build\classes 
java_command: bank.mangement.system.Login
java_class_path (initial): C:\Users\User\Documents\NetBeansProjects\Bank Mangement System\build\classes
Launcher Type: SUN_STANDARD

[Global flags]
     intx CICompilerCount                          = 4                                         {product} {ergonomic}
     uint ConcGCThreads                            = 2                                         {product} {ergonomic}
     uint G1ConcRefinementThreads                  = 8                                         {product} {ergonomic}
   size_t G1HeapRegionSize                         = 1048576                                   {product} {ergonomic}
    uintx GCDrainStackTargetSize                   = 64                                        {product} {ergonomic}
   size_t InitialHeapSize                          = 132120576                                 {product} {ergonomic}
   size_t MarkStackSize                            = 4194304                                   {product} {ergonomic}
   size_t MaxHeapSize                              = 2107637760                                {product} {ergonomic}
   size_t MinHeapDeltaBytes                        = 1048576                                   {product} {ergonomic}
   size_t MinHeapSize                              = 8388608                                   {product} {ergonomic}
    uintx NonNMethodCodeHeapSize                   = 5839372                                {pd product} {ergonomic}
    uintx NonProfiledCodeHeapSize                  = 122909434                              {pd product} {ergonomic}
    uintx ProfiledCodeHeapSize                     = 122909434                              {pd product} {ergonomic}
    uintx ReservedCodeCacheSize                    = 251658240                              {pd product} {ergonomic}
     bool SegmentedCodeCache                       = true                                      {product} {ergonomic}
   size_t SoftMaxHeapSize                          = 2107637760                             {manageable} {ergonomic}
     bool UseCompressedClassPointers               = true                           {product lp64_product} {ergonomic}
     bool UseCompressedOops                        = true                           {product lp64_product} {ergonomic}
     bool UseG1GC                                  = true                                      {product} {ergonomic}
     bool UseLargePagesIndividualAllocation        = false                                  {pd product} {ergonomic}

Logging:
Log output configuration:
 #0: stdout all=warning uptime,level,tags
 #1: stderr all=off uptime,level,tags

Environment Variables:
PATH=C:\Program Files\Common Files\Oracle\Java\javapath;C:\src\flutter\bin;C:\Windows\System32;C:\Program Files\Java\jdk-17\bin;C:\Program Files\Java\jdk1.7.0_80\bin;C:\Program Files\CodeBlocks;C:\Program Files\nodejs;C:\Program Files\nodejs;C:\Program Files\Git\cmd;C:\Users\User\AppData\Roaming\Microsoft\Windows\Start Menu\Programs\Windows PowerShell;C:\Windows\System32\WindowsPowerShell\v1.0;C:\Program Files\Java\jdk1.7.0_80\bin;C:\Program Files\MySQL\MySQL Shell 8.0\bin\;C:\Users\User\AppData\Local\Programs\Python\Python38\Scripts\;C:\Users\User\AppData\Local\Programs\Python\Python38\;C:\Program Files\Java\jdk-17\bin;C:\Users\User\AppData\Local\Programs\Microsoft VS Code\bin;C:\Windows\System32;C:\Program Files\nodejs;C:\Program Files\nodejs;C:\xampp\php;C:\flutter_windows_3.3.10-stable.zip\flutter\bin;C:\Windows\SysWOW64;C:\flutter\bin;C:\Windows\System32\WindowsPowerShell\v1.0;C:\Program Files\CodeBlocks\MinGW\bin;C:\Program Files (x86)\GnuWin32\bin;
USERNAME=User
OS=Windows_NT
PROCESSOR_IDENTIFIER=Intel64 Family 6 Model 165 Stepping 3, GenuineIntel



---------------  S Y S T E M  ---------------

OS:
 Windows 10 , 64 bit Build 19041 (10.0.19041.3636)
OS uptime: 0 days 1:48 hours
Hyper-V role detected

CPU: total 8 (initial active 8) (4 cores per cpu, 2 threads per core) family 6 model 165 stepping 3 microcode 0xcc, cx8, cmov, fxsr, ht, mmx, 3dnowpref, sse, sse2, sse3, ssse3, sse4.1, sse4.2, popcnt, lzcnt, tsc, tscinvbit, avx, avx2, aes, erms, clmul, bmi1, bmi2, adx, fma, vzeroupper, clflush, clflushopt, hv

Memory: 4k page, system-wide physical 8033M (2025M free)
TotalPageFile size 12276M (AvailPageFile size 33M)
current process WorkingSet (physical memory assigned to process): 10M, peak: 10M
current process commit charge ("private bytes"): 60M, peak: 186M

vm_info: Java HotSpot(TM) 64-Bit Server VM (17.0.9+11-LTS-201) for windows-amd64 JRE (17.0.9+11-LTS-201), built on Oct 10 2023 23:16:06 by "mach5one" with MS VC++ 17.1 (VS2022)

END.
